ERROR 2024-02-20 16:57:44.156 - [main] CliLauncher Could not auto-detect brid from http://localhost:7740
java.lang.RuntimeException: Could not auto-detect brid from http://localhost:7740
	at com.chromia.cli.tools.blockchain.BridFetcher.fetchBlockchainRid(BridFetcher.kt:20) ~[chromia-cli-tools-0.16.0.jar:0.16.0]
	at com.chromia.cli.util.LocalDeploymentOption.blockchainRidFromIid(deployTargetOptions.kt:77) ~[chromia-cli-0.16.0.jar:0.16.0]
	at com.chromia.cli.util.LocalDeploymentOption.getBrid(deployTargetOptions.kt:74) ~[chromia-cli-0.16.0.jar:0.16.0]
	at com.chromia.cli.TxCommand.run(TxCommand.kt:86) ~[chromia-cli-0.16.0.jar:0.16.0]
	at com.github.ajalt.clikt.parsers.Parser.parse(Parser.kt:306) ~[clikt-jvm-4.2.0.jar:?]
	at com.github.ajalt.clikt.parsers.Parser.parse(Parser.kt:319) ~[clikt-jvm-4.2.0.jar:?]
	at com.github.ajalt.clikt.parsers.Parser.parse(Parser.kt:40) ~[clikt-jvm-4.2.0.jar:?]
	at com.github.ajalt.clikt.core.CliktCommand.parse(CliktCommand.kt:458) ~[clikt-jvm-4.2.0.jar:?]
	at com.github.ajalt.clikt.core.CliktCommand.parse$default(CliktCommand.kt:455) ~[clikt-jvm-4.2.0.jar:?]
	at com.github.ajalt.clikt.core.CliktCommand.main(CliktCommand.kt:475) ~[clikt-jvm-4.2.0.jar:?]
	at com.chromia.cli.tools.launcher.CliLauncher.catchingAllExceptionsMain(CliLauncher.kt:68) [chromia-cli-tools-0.16.0.jar:0.16.0]
	at com.chromia.MainKt.main(main.kt:44) [chromia-cli-0.16.0.jar:0.16.0]
ERROR 2024-02-20 17:30:09.747 - [main] CliLauncher Could not auto-detect brid from http://localhost:7740
java.lang.RuntimeException: Could not auto-detect brid from http://localhost:7740
	at com.chromia.cli.tools.blockchain.BridFetcher.fetchBlockchainRid(BridFetcher.kt:20) ~[chromia-cli-tools-0.16.0.jar:0.16.0]
	at com.chromia.cli.util.LocalDeploymentOption.blockchainRidFromIid(deployTargetOptions.kt:77) ~[chromia-cli-0.16.0.jar:0.16.0]
	at com.chromia.cli.util.LocalDeploymentOption.getBrid(deployTargetOptions.kt:74) ~[chromia-cli-0.16.0.jar:0.16.0]
	at com.chromia.cli.TxCommand.run(TxCommand.kt:86) ~[chromia-cli-0.16.0.jar:0.16.0]
	at com.github.ajalt.clikt.parsers.Parser.parse(Parser.kt:306) ~[clikt-jvm-4.2.0.jar:?]
	at com.github.ajalt.clikt.parsers.Parser.parse(Parser.kt:319) ~[clikt-jvm-4.2.0.jar:?]
	at com.github.ajalt.clikt.parsers.Parser.parse(Parser.kt:40) ~[clikt-jvm-4.2.0.jar:?]
	at com.github.ajalt.clikt.core.CliktCommand.parse(CliktCommand.kt:458) ~[clikt-jvm-4.2.0.jar:?]
	at com.github.ajalt.clikt.core.CliktCommand.parse$default(CliktCommand.kt:455) ~[clikt-jvm-4.2.0.jar:?]
	at com.github.ajalt.clikt.core.CliktCommand.main(CliktCommand.kt:475) ~[clikt-jvm-4.2.0.jar:?]
	at com.chromia.cli.tools.launcher.CliLauncher.catchingAllExceptionsMain(CliLauncher.kt:68) [chromia-cli-tools-0.16.0.jar:0.16.0]
	at com.chromia.MainKt.main(main.kt:44) [chromia-cli-0.16.0.jar:0.16.0]
WARN  2024-02-20 17:32:58.376 - [JGit-FileStoreAttributeReader-1] FS Thread[#37,JGit-FileStoreAttributeReader-1,5,main]: got smaller file timestamp on /usr/app (C:\134), /usr/app/build/.lib/ft4/.git: 2024-02-20T17:32:58Z < 2024-02-20T17:32:58.2220774Z. Aborting measurement at resolution PT0.7779226S.
WARN  2024-02-20 18:52:53.290 - [JGit-FileStoreAttributeReader-1] FS Thread[#37,JGit-FileStoreAttributeReader-1,5,main]: got smaller file timestamp on /usr/app (C:\134), /usr/app/build/.lib/auth/.git: 2024-02-20T18:52:53Z < 2024-02-20T18:52:53.193123Z. Aborting measurement at resolution PT0.806877S.
ERROR 2024-02-20 18:52:59.220 - [main] CliLauncher Failed to install lib auth
com.chromia.build.tools.lib.LibraryInstallException: Failed to install lib auth
	at com.chromia.build.tools.lib.LibraryInstaller.installLibrary(LibraryInstaller.kt:35) ~[chromia-build-tools-0.16.0.jar:0.16.0]
	at com.chromia.cli.InstallCommand.run(InstallCommand.kt:32) ~[chromia-cli-0.16.0.jar:0.16.0]
	at com.github.ajalt.clikt.parsers.Parser.parse(Parser.kt:306) ~[clikt-jvm-4.2.0.jar:?]
	at com.github.ajalt.clikt.parsers.Parser.parse(Parser.kt:319) ~[clikt-jvm-4.2.0.jar:?]
	at com.github.ajalt.clikt.parsers.Parser.parse(Parser.kt:40) ~[clikt-jvm-4.2.0.jar:?]
	at com.github.ajalt.clikt.core.CliktCommand.parse(CliktCommand.kt:458) ~[clikt-jvm-4.2.0.jar:?]
	at com.github.ajalt.clikt.core.CliktCommand.parse$default(CliktCommand.kt:455) ~[clikt-jvm-4.2.0.jar:?]
	at com.github.ajalt.clikt.core.CliktCommand.main(CliktCommand.kt:475) ~[clikt-jvm-4.2.0.jar:?]
	at com.chromia.cli.tools.launcher.CliLauncher.catchingAllExceptionsMain(CliLauncher.kt:68) [chromia-cli-tools-0.16.0.jar:0.16.0]
	at com.chromia.MainKt.main(main.kt:44) [chromia-cli-0.16.0.jar:0.16.0]
ERROR 2024-02-20 19:20:37.009 - [main] CliLauncher Library auth is not installed, install before building
com.chromia.build.tools.compile.ValidationException: Library auth is not installed, install before building
	at com.chromia.build.tools.lib.LibraryVerifyer.verifyLibs(LibraryVerifyer.kt:22) ~[chromia-build-tools-0.16.0.jar:0.16.0]
	at com.chromia.build.tools.compile.ChromiaCompileApi.compile(ChromiaCompileApi.kt:16) ~[chromia-build-tools-0.16.0.jar:0.16.0]
	at com.chromia.cli.AbstractNodeCommand.extractConfigs(NodeCommand.kt:59) ~[chromia-cli-0.16.0.jar:0.16.0]
	at com.chromia.cli.StartCommand$startPostchainNode$1.invoke(StartCommand.kt:46) ~[chromia-cli-0.16.0.jar:0.16.0]
	at com.chromia.cli.StartCommand$startPostchainNode$1.invoke(StartCommand.kt:42) ~[chromia-cli-0.16.0.jar:0.16.0]
	at net.postchain.rell.base.utils.ThreadLocalContext.set(utils.kt:227) ~[rell-base-0.13.8.jar:0.13.8]
	at net.postchain.rell.module.RellPostchainModuleEnvironment$Companion.set(postchain.kt:381) ~[rell-gtx-0.13.8.jar:0.13.8]
	at com.chromia.cli.StartCommand.startPostchainNode(StartCommand.kt:42) ~[chromia-cli-0.16.0.jar:0.16.0]
	at com.chromia.cli.StartCommand.run(StartCommand.kt:34) ~[chromia-cli-0.16.0.jar:0.16.0]
	at com.github.ajalt.clikt.parsers.Parser.parse(Parser.kt:306) ~[clikt-jvm-4.2.0.jar:?]
	at com.github.ajalt.clikt.parsers.Parser.parse(Parser.kt:319) ~[clikt-jvm-4.2.0.jar:?]
	at com.github.ajalt.clikt.parsers.Parser.parse(Parser.kt:319) ~[clikt-jvm-4.2.0.jar:?]
	at com.github.ajalt.clikt.parsers.Parser.parse(Parser.kt:40) ~[clikt-jvm-4.2.0.jar:?]
	at com.github.ajalt.clikt.core.CliktCommand.parse(CliktCommand.kt:458) ~[clikt-jvm-4.2.0.jar:?]
	at com.github.ajalt.clikt.core.CliktCommand.parse$default(CliktCommand.kt:455) ~[clikt-jvm-4.2.0.jar:?]
	at com.github.ajalt.clikt.core.CliktCommand.main(CliktCommand.kt:475) ~[clikt-jvm-4.2.0.jar:?]
	at com.chromia.cli.tools.launcher.CliLauncher.catchingAllExceptionsMain(CliLauncher.kt:68) [chromia-cli-tools-0.16.0.jar:0.16.0]
	at com.chromia.MainKt.main(main.kt:44) [chromia-cli-0.16.0.jar:0.16.0]
WARN  2024-02-20 19:21:07.626 - [JGit-FileStoreAttributeReader-1] FS Thread[#37,JGit-FileStoreAttributeReader-1,5,main]: got smaller file timestamp on /usr/app (C:\134), /usr/app/build/.lib/auth/.git: 2024-02-20T19:21:07Z < 2024-02-20T19:21:07.469422Z. Aborting measurement at resolution PT0.530578S.
ERROR 2024-02-20 19:21:14.132 - [main] CliLauncher Failed to install lib auth
com.chromia.build.tools.lib.LibraryInstallException: Failed to install lib auth
	at com.chromia.build.tools.lib.LibraryInstaller.installLibrary(LibraryInstaller.kt:35) ~[chromia-build-tools-0.16.0.jar:0.16.0]
	at com.chromia.cli.InstallCommand.run(InstallCommand.kt:32) ~[chromia-cli-0.16.0.jar:0.16.0]
	at com.github.ajalt.clikt.parsers.Parser.parse(Parser.kt:306) ~[clikt-jvm-4.2.0.jar:?]
	at com.github.ajalt.clikt.parsers.Parser.parse(Parser.kt:319) ~[clikt-jvm-4.2.0.jar:?]
	at com.github.ajalt.clikt.parsers.Parser.parse(Parser.kt:40) ~[clikt-jvm-4.2.0.jar:?]
	at com.github.ajalt.clikt.core.CliktCommand.parse(CliktCommand.kt:458) ~[clikt-jvm-4.2.0.jar:?]
	at com.github.ajalt.clikt.core.CliktCommand.parse$default(CliktCommand.kt:455) ~[clikt-jvm-4.2.0.jar:?]
	at com.github.ajalt.clikt.core.CliktCommand.main(CliktCommand.kt:475) ~[clikt-jvm-4.2.0.jar:?]
	at com.chromia.cli.tools.launcher.CliLauncher.catchingAllExceptionsMain(CliLauncher.kt:68) [chromia-cli-tools-0.16.0.jar:0.16.0]
	at com.chromia.MainKt.main(main.kt:44) [chromia-cli-0.16.0.jar:0.16.0]
WARN  2024-02-20 19:22:03.764 - [JGit-FileStoreAttributeReader-1] FS Thread[#37,JGit-FileStoreAttributeReader-1,5,main]: got smaller file timestamp on /usr/app (C:\134), /usr/app/build/.lib/auth/.git: 2024-02-20T19:22:03Z < 2024-02-20T19:22:03.6256572Z. Aborting measurement at resolution PT0.3743428S.
ERROR 2024-02-20 19:22:54.082 - [main] CliLauncher Failed to install lib ft4
com.chromia.build.tools.lib.LibraryInstallException: Failed to install lib ft4
	at com.chromia.build.tools.lib.LibraryInstaller.installLibrary(LibraryInstaller.kt:35) ~[chromia-build-tools-0.16.0.jar:0.16.0]
	at com.chromia.cli.InstallCommand.run(InstallCommand.kt:32) ~[chromia-cli-0.16.0.jar:0.16.0]
	at com.github.ajalt.clikt.parsers.Parser.parse(Parser.kt:306) ~[clikt-jvm-4.2.0.jar:?]
	at com.github.ajalt.clikt.parsers.Parser.parse(Parser.kt:319) ~[clikt-jvm-4.2.0.jar:?]
	at com.github.ajalt.clikt.parsers.Parser.parse(Parser.kt:40) ~[clikt-jvm-4.2.0.jar:?]
	at com.github.ajalt.clikt.core.CliktCommand.parse(CliktCommand.kt:458) ~[clikt-jvm-4.2.0.jar:?]
	at com.github.ajalt.clikt.core.CliktCommand.parse$default(CliktCommand.kt:455) ~[clikt-jvm-4.2.0.jar:?]
	at com.github.ajalt.clikt.core.CliktCommand.main(CliktCommand.kt:475) ~[clikt-jvm-4.2.0.jar:?]
	at com.chromia.cli.tools.launcher.CliLauncher.catchingAllExceptionsMain(CliLauncher.kt:68) [chromia-cli-tools-0.16.0.jar:0.16.0]
	at com.chromia.MainKt.main(main.kt:44) [chromia-cli-0.16.0.jar:0.16.0]
ERROR 2024-02-20 19:57:58.028 - [main] CliLauncher Could not auto-detect brid from http://localhost:7740
java.lang.RuntimeException: Could not auto-detect brid from http://localhost:7740
	at com.chromia.cli.tools.blockchain.BridFetcher.fetchBlockchainRid(BridFetcher.kt:20) ~[chromia-cli-tools-0.16.0.jar:0.16.0]
	at com.chromia.cli.util.LocalDeploymentOption.blockchainRidFromIid(deployTargetOptions.kt:77) ~[chromia-cli-0.16.0.jar:0.16.0]
	at com.chromia.cli.util.LocalDeploymentOption.getBrid(deployTargetOptions.kt:74) ~[chromia-cli-0.16.0.jar:0.16.0]
	at com.chromia.cli.TxCommand.run(TxCommand.kt:86) ~[chromia-cli-0.16.0.jar:0.16.0]
	at com.github.ajalt.clikt.parsers.Parser.parse(Parser.kt:306) ~[clikt-jvm-4.2.0.jar:?]
	at com.github.ajalt.clikt.parsers.Parser.parse(Parser.kt:319) ~[clikt-jvm-4.2.0.jar:?]
	at com.github.ajalt.clikt.parsers.Parser.parse(Parser.kt:40) ~[clikt-jvm-4.2.0.jar:?]
	at com.github.ajalt.clikt.core.CliktCommand.parse(CliktCommand.kt:458) ~[clikt-jvm-4.2.0.jar:?]
	at com.github.ajalt.clikt.core.CliktCommand.parse$default(CliktCommand.kt:455) ~[clikt-jvm-4.2.0.jar:?]
	at com.github.ajalt.clikt.core.CliktCommand.main(CliktCommand.kt:475) ~[clikt-jvm-4.2.0.jar:?]
	at com.chromia.cli.tools.launcher.CliLauncher.catchingAllExceptionsMain(CliLauncher.kt:68) [chromia-cli-tools-0.16.0.jar:0.16.0]
	at com.chromia.MainKt.main(main.kt:44) [chromia-cli-0.16.0.jar:0.16.0]
WARN  2024-02-20 20:06:30.066 - [JGit-FileStoreAttributeReader-1] FS Thread[#37,JGit-FileStoreAttributeReader-1,5,main]: got smaller file timestamp on /usr/app (C:\134), /usr/app/build/.lib/auth/.git: 2024-02-20T20:06:29Z < 2024-02-20T20:06:29.9179877Z. Aborting measurement at resolution PT0.0820123S.
ERROR 2024-02-20 20:07:31.358 - [main] CliLauncher Failed validation of library auth
com.chromia.build.tools.compile.ValidationException: Failed validation of library auth
	at com.chromia.build.tools.lib.LibraryVerifyer.verifyLibs(LibraryVerifyer.kt:24) ~[chromia-build-tools-0.16.0.jar:0.16.0]
	at com.chromia.build.tools.compile.ChromiaCompileApi.compile(ChromiaCompileApi.kt:16) ~[chromia-build-tools-0.16.0.jar:0.16.0]
	at com.chromia.cli.AbstractNodeCommand.extractConfigs(NodeCommand.kt:59) ~[chromia-cli-0.16.0.jar:0.16.0]
	at com.chromia.cli.StartCommand$startPostchainNode$1.invoke(StartCommand.kt:46) ~[chromia-cli-0.16.0.jar:0.16.0]
	at com.chromia.cli.StartCommand$startPostchainNode$1.invoke(StartCommand.kt:42) ~[chromia-cli-0.16.0.jar:0.16.0]
	at net.postchain.rell.base.utils.ThreadLocalContext.set(utils.kt:227) ~[rell-base-0.13.8.jar:0.13.8]
	at net.postchain.rell.module.RellPostchainModuleEnvironment$Companion.set(postchain.kt:381) ~[rell-gtx-0.13.8.jar:0.13.8]
	at com.chromia.cli.StartCommand.startPostchainNode(StartCommand.kt:42) ~[chromia-cli-0.16.0.jar:0.16.0]
	at com.chromia.cli.StartCommand.run(StartCommand.kt:34) ~[chromia-cli-0.16.0.jar:0.16.0]
	at com.github.ajalt.clikt.parsers.Parser.parse(Parser.kt:306) ~[clikt-jvm-4.2.0.jar:?]
	at com.github.ajalt.clikt.parsers.Parser.parse(Parser.kt:319) ~[clikt-jvm-4.2.0.jar:?]
	at com.github.ajalt.clikt.parsers.Parser.parse(Parser.kt:319) ~[clikt-jvm-4.2.0.jar:?]
	at com.github.ajalt.clikt.parsers.Parser.parse(Parser.kt:40) ~[clikt-jvm-4.2.0.jar:?]
	at com.github.ajalt.clikt.core.CliktCommand.parse(CliktCommand.kt:458) ~[clikt-jvm-4.2.0.jar:?]
	at com.github.ajalt.clikt.core.CliktCommand.parse$default(CliktCommand.kt:455) ~[clikt-jvm-4.2.0.jar:?]
	at com.github.ajalt.clikt.core.CliktCommand.main(CliktCommand.kt:475) ~[clikt-jvm-4.2.0.jar:?]
	at com.chromia.cli.tools.launcher.CliLauncher.catchingAllExceptionsMain(CliLauncher.kt:68) [chromia-cli-tools-0.16.0.jar:0.16.0]
	at com.chromia.MainKt.main(main.kt:44) [chromia-cli-0.16.0.jar:0.16.0]
ERROR 2024-02-20 20:08:59.177 - [main] CliLauncher Failed validation of library auth
com.chromia.build.tools.compile.ValidationException: Failed validation of library auth
	at com.chromia.build.tools.lib.LibraryVerifyer.verifyLibs(LibraryVerifyer.kt:24) ~[chromia-build-tools-0.16.0.jar:0.16.0]
	at com.chromia.build.tools.compile.ChromiaCompileApi.compile(ChromiaCompileApi.kt:16) ~[chromia-build-tools-0.16.0.jar:0.16.0]
	at com.chromia.cli.AbstractNodeCommand.extractConfigs(NodeCommand.kt:59) ~[chromia-cli-0.16.0.jar:0.16.0]
	at com.chromia.cli.StartCommand$startPostchainNode$1.invoke(StartCommand.kt:46) ~[chromia-cli-0.16.0.jar:0.16.0]
	at com.chromia.cli.StartCommand$startPostchainNode$1.invoke(StartCommand.kt:42) ~[chromia-cli-0.16.0.jar:0.16.0]
	at net.postchain.rell.base.utils.ThreadLocalContext.set(utils.kt:227) ~[rell-base-0.13.8.jar:0.13.8]
	at net.postchain.rell.module.RellPostchainModuleEnvironment$Companion.set(postchain.kt:381) ~[rell-gtx-0.13.8.jar:0.13.8]
	at com.chromia.cli.StartCommand.startPostchainNode(StartCommand.kt:42) ~[chromia-cli-0.16.0.jar:0.16.0]
	at com.chromia.cli.StartCommand.run(StartCommand.kt:34) ~[chromia-cli-0.16.0.jar:0.16.0]
	at com.github.ajalt.clikt.parsers.Parser.parse(Parser.kt:306) ~[clikt-jvm-4.2.0.jar:?]
	at com.github.ajalt.clikt.parsers.Parser.parse(Parser.kt:319) ~[clikt-jvm-4.2.0.jar:?]
	at com.github.ajalt.clikt.parsers.Parser.parse(Parser.kt:319) ~[clikt-jvm-4.2.0.jar:?]
	at com.github.ajalt.clikt.parsers.Parser.parse(Parser.kt:40) ~[clikt-jvm-4.2.0.jar:?]
	at com.github.ajalt.clikt.core.CliktCommand.parse(CliktCommand.kt:458) ~[clikt-jvm-4.2.0.jar:?]
	at com.github.ajalt.clikt.core.CliktCommand.parse$default(CliktCommand.kt:455) ~[clikt-jvm-4.2.0.jar:?]
	at com.github.ajalt.clikt.core.CliktCommand.main(CliktCommand.kt:475) ~[clikt-jvm-4.2.0.jar:?]
	at com.chromia.cli.tools.launcher.CliLauncher.catchingAllExceptionsMain(CliLauncher.kt:68) [chromia-cli-tools-0.16.0.jar:0.16.0]
	at com.chromia.MainKt.main(main.kt:44) [chromia-cli-0.16.0.jar:0.16.0]
